{
  "0 debug pnpm:scope": {
    "selected": 1,
    "total": 3
  },
  "1 info pnpm": {
    "err": {
      "name": "Error",
      "message": "@dev-demands/server@1.0.0 start: `node -r esm .`\nExit status 1",
      "code": "ELIFECYCLE",
      "stack": "Error: @dev-demands/server@1.0.0 start: `node -r esm .`\nExit status 1\n    at EventEmitter.<anonymous> (/home/denilson/.nvm/versions/node/v14.17.5/lib/node_modules/pnpm/dist/pnpm.cjs:107358:20)\n    at EventEmitter.emit (events.js:400:28)\n    at ChildProcess.<anonymous> (/home/denilson/.nvm/versions/node/v14.17.5/lib/node_modules/pnpm/dist/pnpm.cjs:93924:18)\n    at ChildProcess.emit (events.js:400:28)\n    at maybeClose (internal/child_process.js:1055:16)\n    at Process.ChildProcess._handle.onexit (internal/child_process.js:288:5)"
    }
  },
  "2 error pnpm": {
    "errno": 1,
    "code": "ERR_PNPM_RECURSIVE_RUN_FIRST_FAIL",
    "pkgid": "@dev-demands/server@1.0.0",
    "stage": "start",
    "script": "node -r esm .",
    "pkgname": "@dev-demands/server",
    "prefix": "/home/denilson/Documentos/Hiring Coders/GraphQL/DEV-DEMANDS/packages/server/src",
    "err": {
      "name": "pnpm",
      "message": "@dev-demands/server@1.0.0 start: `node -r esm .`\nExit status 1",
      "code": "ERR_PNPM_RECURSIVE_RUN_FIRST_FAIL",
      "stack": "Error: @dev-demands/server@1.0.0 start: `node -r esm .`\nExit status 1\n    at EventEmitter.<anonymous> (/home/denilson/.nvm/versions/node/v14.17.5/lib/node_modules/pnpm/dist/pnpm.cjs:107358:20)\n    at EventEmitter.emit (events.js:400:28)\n    at ChildProcess.<anonymous> (/home/denilson/.nvm/versions/node/v14.17.5/lib/node_modules/pnpm/dist/pnpm.cjs:93924:18)\n    at ChildProcess.emit (events.js:400:28)\n    at maybeClose (internal/child_process.js:1055:16)\n    at Process.ChildProcess._handle.onexit (internal/child_process.js:288:5)"
    }
  }
}